Build started 8/14/2012 11:07:45 PM.
     1>Project "C:\Users\dominque\Documents\Visual Studio 2010\Projects\SlotMachine\SlotMachine.vcxproj" on node 2 (build target(s)).
     1>InitializeBuildStatus:
         Creating "Debug\SlotMachine.unsuccessfulbuild" because "AlwaysCreate" was specified.
       ClCompile:
         All outputs are up-to-date.
         c:\Program Files (x86)\Microsoft Visual Studio 10.0\VC\bin\CL.exe /c /ZI /nologo /W3 /WX- /Od /Oy- /D WIN32 /D _DEBUG /D _CONSOLE /D _UNICODE /D UNICODE /Gm /EHsc /RTC1 /MDd /GS /fp:precise /Zc:wchar_t /Zc:forScope /Yu"StdAfx.h" /Fp"Debug\SlotMachine.pch" /Fo"Debug\\" /Fd"Debug\vc100.pdb" /Gd /TP /analyze- /errorReport:prompt SlotMachine.cpp
         SlotMachine.cpp
       ManifestResourceCompile:
         All outputs are up-to-date.
       Link:
         c:\Program Files (x86)\Microsoft Visual Studio 10.0\VC\bin\link.exe /ERRORREPORT:PROMPT /OUT:"C:\Users\dominque\Documents\Visual Studio 2010\Projects\SlotMachine\Debug\SlotMachine.exe" /INCREMENTAL /NOLOGO kernel32.lib user32.lib gdi32.lib winspool.lib comdlg32.lib advapi32.lib shell32.lib ole32.lib oleaut32.lib uuid.lib odbc32.lib odbccp32.lib /MANIFEST /ManifestFile:"Debug\SlotMachine.exe.intermediate.manifest" /MANIFESTUAC:"level='asInvoker' uiAccess='false'" /DEBUG /PDB:"C:\Users\dominque\Documents\Visual Studio 2010\Projects\SlotMachine\Debug\SlotMachine.pdb" /SUBSYSTEM:CONSOLE /TLBID:1 /DYNAMICBASE /NXCOMPAT /IMPLIB:"C:\Users\dominque\Documents\Visual Studio 2010\Projects\SlotMachine\Debug\SlotMachine.lib" /MACHINE:X86 Debug\SlotMachine.exe.embed.manifest.res
         Debug\SlotMachine.obj
         Debug\stdafx.obj
       Manifest:
         C:\Program Files (x86)\Microsoft SDKs\Windows\v7.0A\bin\mt.exe /nologo /verbose /out:"Debug\SlotMachine.exe.embed.manifest" /manifest Debug\SlotMachine.exe.intermediate.manifest
         All outputs are up-to-date.
       LinkEmbedManifest:
         All outputs are up-to-date.
         SlotMachine.vcxproj -> C:\Users\dominque\Documents\Visual Studio 2010\Projects\SlotMachine\Debug\SlotMachine.exe
       FinalizeBuildStatus:
         Deleting file "Debug\SlotMachine.unsuccessfulbuild".
         Touching "Debug\SlotMachine.lastbuildstate".
     1>Done Building Project "C:\Users\dominque\Documents\Visual Studio 2010\Projects\SlotMachine\SlotMachine.vcxproj" (build target(s)).

Build succeeded.

Time Elapsed 00:00:03.19
